<?xml version="1.0" encoding="UTF-8"?>
<!-- Generated by org.testng.reporters.JUnitReportReporter -->
<testsuite skipped="0" hostname="Tavishs-MacBook-Air.local" name="KeywordDriven.KeywordDriven.AppTest" tests="1" failures="0" timestamp="04 Sep 2020 05:58:01 GMT" time="0.006" errors="0">
  <testcase name="shouldAnswerWithTrue" time="0.006" classname="KeywordDriven.KeywordDriven.AppTest"/>
</testsuite> <!-- KeywordDriven.KeywordDriven.AppTest -->
